This is pdfTeX, Version 3.14159265-2.6-1.40.19 (TeX Live 2018/W32TeX) (preloaded format=pdflatex 2018.11.29)  4 DEC 2018 12:44
entering extended mode
 restricted \write18 enabled.
 %&-line parsing enabled.
**"C:/Users/Brent Thorne/Documents/GitHub/posterdown/inst/rmarkdown/templates/p
osterdown_memoir/skeleton/skeleton.tex"

(c:/Users/Brent Thorne/Documents/GitHub/posterdown/inst/rmarkdown/templates/pos
terdown_memoir/skeleton/skeleton.tex
LaTeX2e <2018-04-01> patch level 5

(c:/Users/Brent Thorne/AppData/Roaming/TinyTeX/texmf-dist/tex/latex/memoir/memo
ir.cls
Document Class: memoir 2018/04/04 v3.7g configurable book, report, article docu
ment class
\onelineskip=\skip41
\lxvchars=\skip42
\xlvchars=\skip43
\@memcnta=\count80
\c@@memmarkcntra=\count81

(c:/Users/Brent Thorne/AppData/Roaming/TinyTeX/texmf-dist/tex/generic/oberdiek/
ifpdf.sty
Package: ifpdf 2018/09/07 v3.3 Provides the ifpdf switch
)
(c:/Users/Brent Thorne/AppData/Roaming/TinyTeX/texmf-dist/tex/latex/ifetex/ifet
ex.sty
Package: ifetex 2018/03/31 v1.2a ifetex

(c:/Users/Brent Thorne/AppData/Roaming/TinyTeX/texmf-dist/tex/plain/ifetex/ifet
ex.tex))
(c:/Users/Brent Thorne/AppData/Roaming/TinyTeX/texmf-dist/tex/generic/ifxetex/i
fxetex.sty
Package: ifxetex 2010/09/12 v0.6 Provides ifxetex conditional
)
(c:/Users/Brent Thorne/AppData/Roaming/TinyTeX/texmf-dist/tex/generic/oberdiek/
ifluatex.sty
Package: ifluatex 2016/05/16 v1.4 Provides the ifluatex switch (HO)
Package ifluatex Info: LuaTeX not detected.
)
\stockheight=\skip44
\stockwidth=\skip45
\trimtop=\skip46
\trimedge=\skip47
LaTeX Font Info:    Try loading font information for T1+lmr on input line 661.

(c:/Users/Brent Thorne/AppData/Roaming/TinyTeX/texmf-dist/tex/latex/lm/t1lmr.fd
File: t1lmr.fd 2009/10/30 v1.6 Font defs for Latin Modern
)
(c:/Users/Brent Thorne/AppData/Roaming/TinyTeX/texmf-dist/tex/latex/memoir/mem3
0.clo
File: mem30.clo 2008/01/31 v0.1 memoir class 30pt size option
)
(c:/Users/Brent Thorne/AppData/Roaming/TinyTeX/texmf-dist/tex/latex/lm/lmodern.
sty
Package: lmodern 2009/10/30 v1.6 Latin Modern Fonts
LaTeX Font Info:    Overwriting symbol font `operators' in version `normal'
(Font)                  OT1/cmr/m/n --> OT1/lmr/m/n on input line 22.
LaTeX Font Info:    Overwriting symbol font `letters' in version `normal'
(Font)                  OML/cmm/m/it --> OML/lmm/m/it on input line 23.
LaTeX Font Info:    Overwriting symbol font `symbols' in version `normal'
(Font)                  OMS/cmsy/m/n --> OMS/lmsy/m/n on input line 24.
LaTeX Font Info:    Overwriting symbol font `largesymbols' in version `normal'
(Font)                  OMX/cmex/m/n --> OMX/lmex/m/n on input line 25.
LaTeX Font Info:    Overwriting symbol font `operators' in version `bold'
(Font)                  OT1/cmr/bx/n --> OT1/lmr/bx/n on input line 26.
LaTeX Font Info:    Overwriting symbol font `letters' in version `bold'
(Font)                  OML/cmm/b/it --> OML/lmm/b/it on input line 27.
LaTeX Font Info:    Overwriting symbol font `symbols' in version `bold'
(Font)                  OMS/cmsy/b/n --> OMS/lmsy/b/n on input line 28.
LaTeX Font Info:    Overwriting symbol font `largesymbols' in version `bold'
(Font)                  OMX/cmex/m/n --> OMX/lmex/m/n on input line 29.
LaTeX Font Info:    Overwriting math alphabet `\mathbf' in version `normal'
(Font)                  OT1/cmr/bx/n --> OT1/lmr/bx/n on input line 31.
LaTeX Font Info:    Overwriting math alphabet `\mathsf' in version `normal'
(Font)                  OT1/cmss/m/n --> OT1/lmss/m/n on input line 32.
LaTeX Font Info:    Overwriting math alphabet `\mathit' in version `normal'
(Font)                  OT1/cmr/m/it --> OT1/lmr/m/it on input line 33.
LaTeX Font Info:    Overwriting math alphabet `\mathtt' in version `normal'
(Font)                  OT1/cmtt/m/n --> OT1/lmtt/m/n on input line 34.
LaTeX Font Info:    Overwriting math alphabet `\mathbf' in version `bold'
(Font)                  OT1/cmr/bx/n --> OT1/lmr/bx/n on input line 35.
LaTeX Font Info:    Overwriting math alphabet `\mathsf' in version `bold'
(Font)                  OT1/cmss/bx/n --> OT1/lmss/bx/n on input line 36.
LaTeX Font Info:    Overwriting math alphabet `\mathit' in version `bold'
(Font)                  OT1/cmr/bx/it --> OT1/lmr/bx/it on input line 37.
LaTeX Font Info:    Overwriting math alphabet `\mathtt' in version `bold'
(Font)                  OT1/cmtt/m/n --> OT1/lmtt/m/n on input line 38.
)
(c:/Users/Brent Thorne/AppData/Roaming/TinyTeX/texmf-dist/tex/latex/base/fonten
c.sty
Package: fontenc 2017/04/05 v2.0i Standard LaTeX package

(c:/Users/Brent Thorne/AppData/Roaming/TinyTeX/texmf-dist/tex/latex/base/t1enc.
def
File: t1enc.def 2017/04/05 v2.0i Standard LaTeX file
LaTeX Font Info:    Redeclaring font encoding T1 on input line 48.
))
\binding=\skip48
\spinemargin=\skip49
\foremargin=\skip50
\uppermargin=\skip51
\lowermargin=\skip52
\headdrop=\skip53
\normalrulethickness=\skip54
\mem@maxheadheight=\skip55
\mem@maxfootheight=\skip56
\headwidth=\skip57
\c@storedpagenumber=\count82
\memPD=\dimen102
\m@mabparskip=\skip58
\thanksmarkwidth=\skip59
\thanksmarksep=\skip60
\droptitle=\skip61
\c@book=\count83
\c@part=\count84
\c@chapter=\count85
\c@section=\count86
\c@subsection=\count87
\c@subsubsection=\count88
\c@paragraph=\count89
\c@subparagraph=\count90
\beforechapskip=\skip62
\midchapskip=\skip63
\afterchapskip=\skip64
\chapindent=\skip65
\bottomsectionskip=\skip66
\secindent=\skip67
\beforesecskip=\skip68
\aftersecskip=\skip69
\subsecindent=\skip70
\beforesubsecskip=\skip71
\aftersubsecskip=\skip72
\subsubsecindent=\skip73
\beforesubsubsecskip=\skip74
\aftersubsubsecskip=\skip75
\paraindent=\skip76
\beforeparaskip=\skip77
\afterparaskip=\skip78
\subparaindent=\skip79
\beforesubparaskip=\skip80
\aftersubparaskip=\skip81
\pfbreakskip=\skip82
\c@@ppsavesec=\count91
\c@@ppsaveapp=\count92
\ragrparindent=\dimen103
\everylistparindent=\dimen104
\parsepi=\skip83
\topsepi=\skip84
\itemsepi=\skip85
\parsepii=\skip86
\topsepii=\skip87
\topsepiii=\skip88
\itemsepii=\skip89
\itemsepiii=\skip90
\partopsepii=\skip91
\partopsepiii=\skip92
\m@msavetopsep=\skip93
\m@msavepartopsep=\skip94
\@enLab=\toks14
\abstitleskip=\skip95
\absleftindent=\skip96
\abs@leftindent=\dimen105
\absrightindent=\skip97
\absparindent=\skip98
\absparsep=\skip99
\c@vslineno=\count93
\c@poemline=\count94
\c@modulo@vs=\count95
\c@memfvsline=\count96
\vleftskip=\skip100
\vrightskip=\skip101
\stanzaskip=\skip102
\versewidth=\skip103
\vgap=\skip104
\vindent=\skip105
\vleftmargin=\dimen106
\c@verse=\count97
\c@chrsinstr=\count98
\beforepoemtitleskip=\skip106
\afterpoemtitleskip=\skip107
\c@poem=\count99
\beforePoemTitleskip=\skip108
\midPoemTitleskip=\skip109
\afterPoemTitleskip=\skip110
\col@sep=\dimen107
\extrarowheight=\dimen108
\NC@list=\toks15
\extratabsurround=\skip111
\backup@length=\skip112
\TX@col@width=\dimen109
\TX@old@table=\dimen110
\TX@old@col=\dimen111
\TX@target=\dimen112
\TX@delta=\dimen113
\TX@cols=\count100
\TX@ftn=\toks16
\heavyrulewidth=\dimen114
\lightrulewidth=\dimen115
\cmidrulewidth=\dimen116
\belowrulesep=\dimen117
\belowbottomsep=\dimen118
\aboverulesep=\dimen119
\abovetopsep=\dimen120
\cmidrulesep=\dimen121
\cmidrulekern=\dimen122
\defaultaddspace=\dimen123
\@cmidla=\count101
\@cmidlb=\count102
\@aboverulesep=\dimen124
\@belowrulesep=\dimen125
\@thisruleclass=\count103
\@lastruleclass=\count104
\@thisrulewidth=\dimen126
\ctableftskip=\skip113
\ctabrightskip=\skip114
\abovecolumnspenalty=\count105
\@linestogo=\count106
\@cellstogo=\count107
\@cellsincolumn=\count108
\crtok=\toks17
\@mincolumnwidth=\dimen127
\c@newflo@tctr=\count109
\mem@margin@floatbox=\box26
\@contcwidth=\skip115
\@contindw=\skip116
\abovecaptionskip=\skip117
\belowcaptionskip=\skip118
\subfloattopskip=\skip119
\subfloatcapskip=\skip120
\subfloatcaptopadj=\skip121
\subfloatbottomskip=\skip122
\subfloatlabelskip=\skip123
\subfloatcapmargin=\dimen128
\c@@contsubnum=\count110
\m@mscap@capbox=\box27
\m@mscap@fbox=\box28
\sidecapsep=\dimen129
\sidecapwidth=\dimen130
\m@m@tempdima=\dimen131
\m@mscapraise=\dimen132
\sidecapraise=\dimen133
\m@mscapmainwidth=\dimen134
\m@mscaplkern=\dimen135
\beforeepigraphskip=\skip124
\afterepigraphskip=\skip125
\epigraphwidth=\skip126
\epigraphrule=\skip127
LaTeX Info: Redefining \em on input line 7578.
LaTeX Info: Redefining \emph on input line 7586.
\tocentryskip=\skip128
\tocbaseline=\skip129
\cftparskip=\skip130
\cftbeforebookskip=\skip131
\cftbookindent=\dimen136
\cftbooknumwidth=\dimen137
\cftbeforepartskip=\skip132
\cftpartindent=\skip133
\cftpartnumwidth=\skip134
\cftbeforechapterskip=\skip135
\cftchapterindent=\skip136
\cftchapternumwidth=\skip137
\cftbeforesectionskip=\skip138
\cftsectionindent=\skip139
\cftsectionnumwidth=\skip140
\cftbeforesubsectionskip=\skip141
\cftsubsectionindent=\skip142
\cftsubsectionnumwidth=\skip143
\cftbeforesubsubsectionskip=\skip144
\cftsubsubsectionindent=\skip145
\cftsubsubsectionnumwidth=\skip146
\cftbeforeparagraphskip=\skip147
\cftparagraphindent=\skip148
\cftparagraphnumwidth=\skip149
\cftbeforesubparagraphskip=\skip150
\cftsubparagraphindent=\skip151
\cftsubparagraphnumwidth=\skip152
\prechapterprecisshift=\dimen138
\c@maxsecnumdepth=\count111
\bibindent=\dimen139
\bibitemsep=\skip153
\indexcolsep=\skip154
\indexrule=\skip155
\indexmarkstyle=\toks18
\@indexbox=\insert199
\glossarycolsep=\dimen140
\glossaryrule=\dimen141
\sideparvshift=\skip156
\sideins=\insert198
\sidebartopsep=\skip157
\sidebarhsep=\skip158
\sidebarvsep=\skip159
\sidebarwidth=\skip160
\footmarkwidth=\skip161
\footmarksep=\skip162
\footparindent=\skip163
\footinsdim=\skip164
\footinsv@r=\insert197
\@mpfootinsv@r=\insert196
\m@m@k=\count112
\m@m@h=\dimen142
\m@mipn@skip=\skip165
\sidefootins=\insert195
\sidefootadjust=\skip166
\sidefootheight=\skip167
\sidefoothsep=\skip168
\sidefootvsep=\skip169
\sidefootwidth=\skip170
\m@mdownsf=\skip171
\c@sidefootnote=\count113
\sidefootmarkwidth=\skip172
\sidefootmarksep=\skip173
\sidefootparindent=\skip174
\c@pagenote=\count114
\c@pagenoteshadow=\count115
\mem@pn@lastkern=\skip175
\every@verbatim=\toks19
\afterevery@verbatim=\toks20
\verbatim@line=\toks21
\tab@position=\count116
\verbatim@in@stream=\read1
\verbatimindent=\skip176
\verbatim@out=\write3
\bvboxsep=\skip177
\c@memfbvline=\count117
\c@bvlinectr=\count118
\bvnumlength=\skip178
\fb@frw=\dimen143
\fb@frh=\dimen144
\FrameRule=\dimen145
\FrameSep=\dimen146
\c@cp@cntr=\count119
LaTeX Info: Redefining \: on input line 12100.
LaTeX Info: Redefining \! on input line 12102.
\c@ism@mctr=\count120
\c@xsm@mctr=\count121
\c@csm@mctr=\count122
\c@ksm@mctr=\count123
\c@xksm@mctr=\count124
\c@cksm@mctr=\count125
\c@msm@mctr=\count126
\c@xmsm@mctr=\count127
\c@cmsm@mctr=\count128
\c@bsm@mctr=\count129
\c@workm@mctr=\count130
\c@sheetsequence=\count131
\c@lastsheet=\count132
\c@lastpage=\count133
\c@figure=\count134
\c@lofdepth=\count135
\cftbeforefigureskip=\skip179
\cftfigureindent=\skip180
\cftfigurenumwidth=\skip181
\c@table=\count136
\c@lotdepth=\count137
\cftbeforetableskip=\skip182
\cfttableindent=\skip183
\cfttablenumwidth=\skip184
Package abstract [2008/07/23] emulated by memoir.
Package appendix [2008/07/23] emulated by memoir.
Package array [2016/10/06] emulated by memoir.
Package booktabs [2016/05/16] emulated by memoir.
Package ccaption [2008/07/23] emulated by memoir.
Package changepage [2008/07/23] emulated by memoir.
Package chngcntr [2008/07/23] emulated by memoir.
Package chngpage [2008/07/23] emulated by memoir.
Package crop emulated by memoir.
Package dcolumn [2008/07/23] emulated by memoir.
Package delarray [2014/10/28] emulated by memoir.
Package enumerate [2008/07/23] emulated by memoir.
Package epigraph [2008/07/23] emulated by memoir.
Package ifmtarg [2008/07/23] emulated by memoir.
Package index [2008/07/23] emulated by memoir.
Package makeidx [2008/07/23] emulated by memoir.
Package moreverb [2008/07/23] emulated by memoir.
Package mparhack [2008/07/23] emulated by memoir.
Package needspace [2008/07/23] emulated by memoir.
Package newfile [2008/07/23] emulated by memoir.
Package nextpage [2008/07/23] emulated by memoir.
Package pagenote [2008/07/23] emulated by memoir.
Package parskip [2008/07/23] emulated by memoir.
Package patchcmd [2008/07/23] emulated by memoir.
Package setspace [2008/07/23] emulated by memoir.
Package shortvrb [2008/07/23] emulated by memoir.
Package showidx [2008/07/23] emulated by memoir.
Package tabularx [2016/02/03] emulated by memoir.
Package titleref [2008/07/23] emulated by memoir.
Package titling [2008/07/23] emulated by memoir.
Package tocbibind [2008/07/23] emulated by memoir.
Package tocloft [2008/07/23] emulated by memoir.
Package tocvsec2 [2008/07/23] emulated by memoir.
Package verbatim [2008/07/23] emulated by memoir.
Package verse [2008/07/23] emulated by memoir.
)
(c:/Users/Brent Thorne/AppData/Roaming/TinyTeX/texmf-dist/tex/latex/base/inpute
nc.sty
Package: inputenc 2018/04/06 v1.3b Input encoding file
\inpenc@prehook=\toks22
\inpenc@posthook=\toks23
)
(c:/Users/Brent Thorne/AppData/Roaming/TinyTeX/texmf-dist/tex/latex/base/fonten
c.sty
Package: fontenc 2017/04/05 v2.0i Standard LaTeX package

(c:/Users/Brent Thorne/AppData/Roaming/TinyTeX/texmf-dist/tex/latex/base/t1enc.
def
File: t1enc.def 2017/04/05 v2.0i Standard LaTeX file
LaTeX Font Info:    Redeclaring font encoding T1 on input line 48.
))
(c:/Users/Brent Thorne/AppData/Roaming/TinyTeX/texmf-dist/tex/latex/psnfss/pala
tino.sty
Package: palatino 2005/04/12 PSNFSS-v9.2a (SPQR) 
)
(c:/Users/Brent Thorne/AppData/Roaming/TinyTeX/texmf-dist/tex/latex/tools/multi
col.sty
Package: multicol 2018/04/20 v1.8s multicolumn formatting (FMi)
\c@tracingmulticols=\count138
\mult@box=\box29
\multicol@leftmargin=\dimen147
\c@unbalance=\count139
\c@collectmore=\count140
\doublecol@number=\count141
\multicoltolerance=\count142
\multicolpretolerance=\count143
\full@width=\dimen148
\page@free=\dimen149
\premulticols=\dimen150
\postmulticols=\dimen151
\multicolsep=\skip185
\multicolbaselineskip=\skip186
\partial@page=\box30
\last@line=\box31
\maxbalancingoverflow=\dimen152
\mult@rightbox=\box32
\mult@grightbox=\box33
\mult@gfirstbox=\box34
\mult@firstbox=\box35
\@tempa=\box36
\@tempa=\box37
\@tempa=\box38
\@tempa=\box39
\@tempa=\box40
\@tempa=\box41
\@tempa=\box42
\@tempa=\box43
\@tempa=\box44
\@tempa=\box45
\@tempa=\box46
\@tempa=\box47
\@tempa=\box48
\@tempa=\box49
\@tempa=\box50
\@tempa=\box51
\@tempa=\box52
\c@columnbadness=\count144
\c@finalcolumnbadness=\count145
\last@try=\dimen153
\multicolovershoot=\dimen154
\multicolundershoot=\dimen155
\mult@nat@firstbox=\box53
\colbreak@box=\box54
\mc@col@check@num=\count146
)
(c:/Users/Brent Thorne/AppData/Roaming/TinyTeX/texmf-dist/tex/latex/graphics/gr
aphicx.sty
Package: graphicx 2017/06/01 v1.1a Enhanced LaTeX Graphics (DPC,SPQR)

(c:/Users/Brent Thorne/AppData/Roaming/TinyTeX/texmf-dist/tex/latex/graphics/ke
yval.sty
Package: keyval 2014/10/28 v1.15 key=value parser (DPC)
\KV@toks@=\toks24
)
(c:/Users/Brent Thorne/AppData/Roaming/TinyTeX/texmf-dist/tex/latex/graphics/gr
aphics.sty
Package: graphics 2017/06/25 v1.2c Standard LaTeX Graphics (DPC,SPQR)

(c:/Users/Brent Thorne/AppData/Roaming/TinyTeX/texmf-dist/tex/latex/graphics/tr
ig.sty
Package: trig 2016/01/03 v1.10 sin cos tan (DPC)
)
(c:/Users/Brent Thorne/AppData/Roaming/TinyTeX/texmf-dist/tex/latex/graphics-cf
g/graphics.cfg
File: graphics.cfg 2016/06/04 v1.11 sample graphics configuration
)
Package graphics Info: Driver file: pdftex.def on input line 99.

(c:/Users/Brent Thorne/AppData/Roaming/TinyTeX/texmf-dist/tex/latex/graphics-de
f/pdftex.def
File: pdftex.def 2018/01/08 v1.0l Graphics/color driver for pdftex
))
\Gin@req@height=\dimen156
\Gin@req@width=\dimen157
)
(c:/Users/Brent Thorne/AppData/Roaming/TinyTeX/texmf-dist/tex/latex/blindtext/b
lindtext.sty
Package: blindtext 2012/01/06 V2.0 blindtext-Package

(c:/Users/Brent Thorne/AppData/Roaming/TinyTeX/texmf-dist/tex/latex/tools/xspac
e.sty
Package: xspace 2014/10/28 v1.13 Space after command names (DPC,MH)
)
\c@blindtext=\count147
\c@Blindtext=\count148
\c@blind@countparstart=\count149
\blind@countxx=\count150
\blindtext@numBlindtext=\count151
\blind@countyy=\count152
\c@blindlist=\count153
\c@blindlistlevel=\count154
\c@blindlist@level=\count155
\blind@listitem=\count156
\c@blind@listcount=\count157
\c@blind@levelcount=\count158
\blind@mathformula=\count159
\blind@Mathformula=\count160
\c@blind@randomcount=\count161
\c@blind@randommax=\count162
\c@blind@pangramcount=\count163
\c@blind@pangrammax=\count164
)
(c:/Users/Brent Thorne/AppData/Roaming/TinyTeX/texmf-dist/tex/latex/xcolor/xcol
or.sty
Package: xcolor 2016/05/11 v2.12 LaTeX color extensions (UK)

(c:/Users/Brent Thorne/AppData/Roaming/TinyTeX/texmf-dist/tex/latex/graphics-cf
g/color.cfg
File: color.cfg 2016/01/02 v1.6 sample color configuration
)
Package xcolor Info: Driver file: pdftex.def on input line 225.
Package xcolor Info: Model `cmy' substituted by `cmy0' on input line 1348.
Package xcolor Info: Model `hsb' substituted by `rgb' on input line 1352.
Package xcolor Info: Model `RGB' extended on input line 1364.
Package xcolor Info: Model `HTML' substituted by `rgb' on input line 1366.
Package xcolor Info: Model `Hsb' substituted by `hsb' on input line 1367.
Package xcolor Info: Model `tHsb' substituted by `hsb' on input line 1368.
Package xcolor Info: Model `HSB' substituted by `hsb' on input line 1369.
Package xcolor Info: Model `Gray' substituted by `gray' on input line 1370.
Package xcolor Info: Model `wave' substituted by `hsb' on input line 1371.
)
(c:/Users/Brent Thorne/AppData/Roaming/TinyTeX/texmf-dist/tex/latex/float/float
.sty
Package: float 2001/11/08 v1.3d Float enhancements (AL)
\c@float@type=\count165
\float@exts=\toks25
\float@box=\box55
\@float@everytoks=\toks26
\@floatcapt=\box56
)
(c:/Users/Brent Thorne/AppData/Roaming/TinyTeX/texmf-dist/tex/latex/geometry/ge
ometry.sty
Package: geometry 2018/04/16 v5.8 Page Geometry

(c:/Users/Brent Thorne/AppData/Roaming/TinyTeX/texmf-dist/tex/generic/oberdiek/
ifvtex.sty
Package: ifvtex 2016/05/16 v1.6 Detect VTeX and its facilities (HO)
Package ifvtex Info: VTeX not detected.
)
\Gm@cnth=\count166
\Gm@cntv=\count167
\c@Gm@tempcnt=\count168
\Gm@bindingoffset=\dimen158
\Gm@wd@mp=\dimen159
\Gm@odd@mp=\dimen160
\Gm@even@mp=\dimen161
\Gm@layoutwidth=\dimen162
\Gm@layoutheight=\dimen163
\Gm@layouthoffset=\dimen164
\Gm@layoutvoffset=\dimen165
\Gm@dimlist=\toks27

Package geometry Warning: Over-specification in `h'-direction.
    `width' (505.89pt) is ignored.


Package geometry Warning: Over-specification in `v'-direction.
    `height' (722.7pt) is ignored.

)
(c:/Users/Brent Thorne/AppData/Roaming/TinyTeX/texmf-dist/tex/latex/biblatex/bi
blatex.sty
Package: biblatex 2018/11/02 v3.12 programmable bibliographies (PK/MW)

(c:/Users/Brent Thorne/AppData/Roaming/TinyTeX/texmf-dist/tex/generic/oberdiek/
pdftexcmds.sty
Package: pdftexcmds 2018/09/10 v0.29 Utility functions of pdfTeX for LuaTeX (HO
)

(c:/Users/Brent Thorne/AppData/Roaming/TinyTeX/texmf-dist/tex/generic/oberdiek/
infwarerr.sty
Package: infwarerr 2016/05/16 v1.4 Providing info/warning/error messages (HO)
)
(c:/Users/Brent Thorne/AppData/Roaming/TinyTeX/texmf-dist/tex/generic/oberdiek/
ltxcmds.sty
Package: ltxcmds 2016/05/16 v1.23 LaTeX kernel commands for general use (HO)
)
Package pdftexcmds Info: LuaTeX not detected.
Package pdftexcmds Info: \pdf@primitive is available.
Package pdftexcmds Info: \pdf@ifprimitive is available.
Package pdftexcmds Info: \pdfdraftmode found.
)
(c:/Users/Brent Thorne/AppData/Roaming/TinyTeX/texmf-dist/tex/latex/etoolbox/et
oolbox.sty
Package: etoolbox 2018/08/19 v2.5f e-TeX tools for LaTeX (JAW)
\etb@tempcnta=\count169
)
(c:/Users/Brent Thorne/AppData/Roaming/TinyTeX/texmf-dist/tex/latex/oberdiek/kv
options.sty
Package: kvoptions 2016/05/16 v3.12 Key value format for package options (HO)

(c:/Users/Brent Thorne/AppData/Roaming/TinyTeX/texmf-dist/tex/generic/oberdiek/
kvsetkeys.sty
Package: kvsetkeys 2016/05/16 v1.17 Key value parser (HO)

(c:/Users/Brent Thorne/AppData/Roaming/TinyTeX/texmf-dist/tex/generic/oberdiek/
etexcmds.sty
Package: etexcmds 2016/05/16 v1.6 Avoid name clashes with e-TeX commands (HO)
Package etexcmds Info: Could not find \expanded.
(etexcmds)             That can mean that you are not using pdfTeX 1.50 or
(etexcmds)             that some package has redefined \expanded.
(etexcmds)             In the latter case, load this package earlier.
)))
(c:/Users/Brent Thorne/AppData/Roaming/TinyTeX/texmf-dist/tex/latex/logreq/logr
eq.sty
Package: logreq 2010/08/04 v1.0 xml request logger
\lrq@indent=\count170

(c:/Users/Brent Thorne/AppData/Roaming/TinyTeX/texmf-dist/tex/latex/logreq/logr
eq.def
File: logreq.def 2010/08/04 v1.0 logreq spec v1.0
))
(c:/Users/Brent Thorne/AppData/Roaming/TinyTeX/texmf-dist/tex/latex/base/ifthen
.sty
Package: ifthen 2014/09/29 v1.1c Standard LaTeX ifthen package (DPC)
)
(c:/Users/Brent Thorne/AppData/Roaming/TinyTeX/texmf-dist/tex/latex/url/url.sty
\Urlmuskip=\muskip10
Package: url 2013/09/16  ver 3.4  Verb mode for urls, etc.
)
\c@tabx@nest=\count171
\c@listtotal=\count172
\c@listcount=\count173
\c@liststart=\count174
\c@liststop=\count175
\c@citecount=\count176
\c@citetotal=\count177
\c@multicitecount=\count178
\c@multicitetotal=\count179
\c@instcount=\count180
\c@maxnames=\count181
\c@minnames=\count182
\c@maxitems=\count183
\c@minitems=\count184
\c@citecounter=\count185
\c@maxcitecounter=\count186
\c@savedcitecounter=\count187
\c@uniquelist=\count188
\c@uniquename=\count189
\c@refsection=\count190
\c@refsegment=\count191
\c@maxextratitle=\count192
\c@maxextratitleyear=\count193
\c@maxextraname=\count194
\c@maxextradate=\count266
\c@maxextraalpha=\count267
\c@abbrvpenalty=\count268
\c@highnamepenalty=\count269
\c@lownamepenalty=\count270
\c@maxparens=\count271
\c@parenlevel=\count272
\blx@tempcnta=\count273
\blx@tempcntb=\count274
\blx@tempcntc=\count275
\blx@maxsection=\count276
\blx@maxsegment@0=\count277
\blx@notetype=\count278
\blx@parenlevel@text=\count279
\blx@parenlevel@foot=\count280
\blx@sectionciteorder@0=\count281
\blx@entrysetcounter=\count282
\labelnumberwidth=\skip187
\labelalphawidth=\skip188
\biblabelsep=\skip189
\bibnamesep=\skip190
\bibinitsep=\skip191
\bibparsep=\skip192
\bibhang=\skip193
\blx@bcfin=\read2
\blx@bcfout=\write4
\c@mincomprange=\count283
\c@maxcomprange=\count284
\c@mincompwidth=\count285
Package biblatex Info: Trying to load biblatex default data model...
Package biblatex Info: ... file 'blx-dm.def' found.

(c:/Users/Brent Thorne/AppData/Roaming/TinyTeX/texmf-dist/tex/latex/biblatex/bl
x-dm.def
File: blx-dm.def 2018/11/02 v3.12 biblatex localization (PK/MW)
)
Package biblatex Info: Trying to load biblatex style data model...
Package biblatex Info: ... file 'authoryear-comp.dbx' not found.
Package biblatex Info: Trying to load biblatex custom data model...
Package biblatex Info: ... file 'biblatex-dm.cfg' not found.
\c@afterword=\count286
\c@savedafterword=\count287
\c@annotator=\count288
\c@savedannotator=\count289
\c@author=\count290
\c@savedauthor=\count291
\c@bookauthor=\count292
\c@savedbookauthor=\count293
\c@commentator=\count294
\c@savedcommentator=\count295
\c@editor=\count296
\c@savededitor=\count297
\c@editora=\count298
\c@savededitora=\count299
\c@editorb=\count300
\c@savededitorb=\count301
\c@editorc=\count302
\c@savededitorc=\count303
\c@foreword=\count304
\c@savedforeword=\count305
\c@holder=\count306
\c@savedholder=\count307
\c@introduction=\count308
\c@savedintroduction=\count309
\c@namea=\count310
\c@savednamea=\count311
\c@nameb=\count312
\c@savednameb=\count313
\c@namec=\count314
\c@savednamec=\count315
\c@translator=\count316
\c@savedtranslator=\count317
\c@shortauthor=\count318
\c@savedshortauthor=\count319
\c@shorteditor=\count320
\c@savedshorteditor=\count321
\c@labelname=\count322
\c@savedlabelname=\count323
\c@institution=\count324
\c@savedinstitution=\count325
\c@lista=\count326
\c@savedlista=\count327
\c@listb=\count328
\c@savedlistb=\count329
\c@listc=\count330
\c@savedlistc=\count331
\c@listd=\count332
\c@savedlistd=\count333
\c@liste=\count334
\c@savedliste=\count335
\c@listf=\count336
\c@savedlistf=\count337
\c@location=\count338
\c@savedlocation=\count339
\c@organization=\count340
\c@savedorganization=\count341
\c@origlocation=\count342
\c@savedoriglocation=\count343
\c@origpublisher=\count344
\c@savedorigpublisher=\count345
\c@publisher=\count346
\c@savedpublisher=\count347
\c@language=\count348
\c@savedlanguage=\count349
\c@origlanguage=\count350
\c@savedoriglanguage=\count351
\c@pageref=\count352
\c@savedpageref=\count353
\shorthandwidth=\skip194
\shortjournalwidth=\skip256
\shortserieswidth=\skip257
\shorttitlewidth=\skip258
\shortauthorwidth=\skip259
\shorteditorwidth=\skip260
\locallabelnumberwidth=\skip261
\locallabelalphawidth=\skip262
\localshorthandwidth=\skip263
\localshortjournalwidth=\skip264
\localshortserieswidth=\skip265
\localshorttitlewidth=\skip266
\localshortauthorwidth=\skip267
\localshorteditorwidth=\skip268
Package biblatex Info: Trying to load compatibility code...
Package biblatex Info: ... file 'blx-compat.def' found.

(c:/Users/Brent Thorne/AppData/Roaming/TinyTeX/texmf-dist/tex/latex/biblatex/bl
x-compat.def
File: blx-compat.def 2018/11/02 v3.12 biblatex compatibility (PK/MW)
)
Package biblatex Info: Trying to load generic definitions...
Package biblatex Info: ... file 'biblatex.def' found.

(c:/Users/Brent Thorne/AppData/Roaming/TinyTeX/texmf-dist/tex/latex/biblatex/bi
blatex.def
File: biblatex.def 2018/11/02 v3.12 biblatex compatibility (PK/MW)
\c@textcitecount=\count354
\c@textcitetotal=\count355
\c@textcitemaxnames=\count356
\c@biburlnumpenalty=\count357
\c@biburlucpenalty=\count358
\c@biburllcpenalty=\count359
\c@smartand=\count360
)
Package biblatex Info: Trying to load bibliography style 'authoryear-comp'...
Package biblatex Info: ... file 'authoryear-comp.bbx' found.

(c:/Users/Brent Thorne/AppData/Roaming/TinyTeX/texmf-dist/tex/latex/biblatex/bb
x/authoryear-comp.bbx
File: authoryear-comp.bbx 2018/11/02 v3.12 biblatex bibliography style (PK/MW)
Package biblatex Info: Trying to load bibliography style 'authoryear'...
Package biblatex Info: ... file 'authoryear.bbx' found.

(c:/Users/Brent Thorne/AppData/Roaming/TinyTeX/texmf-dist/tex/latex/biblatex/bb
x/authoryear.bbx
File: authoryear.bbx 2018/11/02 v3.12 biblatex bibliography style (PK/MW)
Package biblatex Info: Trying to load bibliography style 'standard'...
Package biblatex Info: ... file 'standard.bbx' found.

(c:/Users/Brent Thorne/AppData/Roaming/TinyTeX/texmf-dist/tex/latex/biblatex/bb
x/standard.bbx
File: standard.bbx 2018/11/02 v3.12 biblatex bibliography style (PK/MW)
\c@bbx:relatedcount=\count361
\c@bbx:relatedtotal=\count362
)))
Package biblatex Info: Trying to load citation style 'authoryear-comp'...
Package biblatex Info: ... file 'authoryear-comp.cbx' found.

(c:/Users/Brent Thorne/AppData/Roaming/TinyTeX/texmf-dist/tex/latex/biblatex/cb
x/authoryear-comp.cbx
File: authoryear-comp.cbx 2018/11/02 v3.12 biblatex citation style (PK/MW)
Package biblatex Info: Redefining '\cite'.
Package biblatex Info: Redefining '\parencite'.
Package biblatex Info: Redefining '\footcite'.
Package biblatex Info: Redefining '\footcitetext'.
Package biblatex Info: Redefining '\smartcite'.
Package biblatex Info: Redefining '\textcite'.
Package biblatex Info: Redefining '\textcites'.
Package biblatex Info: Redefining '\cites'.
Package biblatex Info: Redefining '\parencites'.
Package biblatex Info: Redefining '\footcites'.
Package biblatex Info: Redefining '\footcitetexts'.
Package biblatex Info: Redefining '\smartcites'.
)
Package biblatex Info: Trying to load configuration file...
Package biblatex Info: ... file 'biblatex.cfg' found.

(c:/Users/Brent Thorne/AppData/Roaming/TinyTeX/texmf-dist/tex/latex/biblatex/bi
blatex.cfg
File: biblatex.cfg 
))
Package biblatex Info: Trying to load language 'english'...
Package biblatex Info: ... file 'english.lbx' found.

(c:/Users/Brent Thorne/AppData/Roaming/TinyTeX/texmf-dist/tex/latex/biblatex/lb
x/english.lbx
File: english.lbx 2018/11/02 v3.12 biblatex localization (PK/MW)
)
\@quotelevel=\count363
\@quotereset=\count364
No file skeleton.aux.
\openout1 = `skeleton.aux'.

LaTeX Font Info:    Checking defaults for OML/cmm/m/it on input line 68.
LaTeX Font Info:    ... okay on input line 68.
LaTeX Font Info:    Checking defaults for T1/cmr/m/n on input line 68.
LaTeX Font Info:    ... okay on input line 68.
LaTeX Font Info:    Checking defaults for OT1/cmr/m/n on input line 68.
LaTeX Font Info:    ... okay on input line 68.
LaTeX Font Info:    Checking defaults for OMS/cmsy/m/n on input line 68.
LaTeX Font Info:    ... okay on input line 68.
LaTeX Font Info:    Checking defaults for OMX/cmex/m/n on input line 68.
LaTeX Font Info:    ... okay on input line 68.
LaTeX Font Info:    Checking defaults for U/cmr/m/n on input line 68.
LaTeX Font Info:    ... okay on input line 68.
LaTeX Font Info:    Try loading font information for T1+ppl on input line 68.

(c:/Users/Brent Thorne/AppData/Roaming/TinyTeX/texmf-dist/tex/latex/psnfss/t1pp
l.fd
File: t1ppl.fd 2001/06/04 font definitions for T1/ppl.
)
(c:/Users/Brent Thorne/AppData/Roaming/TinyTeX/texmf-dist/tex/latex/oberdiek/ep
stopdf-base.sty
Package: epstopdf-base 2016/05/15 v2.6 Base part for package epstopdf

(c:/Users/Brent Thorne/AppData/Roaming/TinyTeX/texmf-dist/tex/latex/oberdiek/gr
fext.sty
Package: grfext 2016/05/16 v1.2 Manage graphics extensions (HO)

(c:/Users/Brent Thorne/AppData/Roaming/TinyTeX/texmf-dist/tex/generic/oberdiek/
kvdefinekeys.sty
Package: kvdefinekeys 2016/05/16 v1.4 Define keys (HO)
))
Package epstopdf-base Info: Redefining graphics rule for `.eps' on input line 4
38.
Package grfext Info: Graphics extension search list:
(grfext)             [.pdf,.png,.jpg,.mps,.jpeg,.jbig2,.jb2,.PDF,.PNG,.JPG,.JPE
G,.JBIG2,.JB2,.eps]
(grfext)             \AppendGraphicsExtensions on input line 456.

(c:/Users/Brent Thorne/AppData/Roaming/TinyTeX/texmf-dist/tex/latex/latexconfig
/epstopdf-sys.cfg
File: epstopdf-sys.cfg 2010/07/13 v1.3 Configuration of (r)epstopdf for TeX Liv
e
))
*geometry* driver: auto-detecting
*geometry* detected driver: pdftex
*geometry* verbose mode - [ preamble ] result:
* driver: pdftex
* paper: custom
* layout: <same size as paper>
* layoutoffset:(h,v)=(0.0pt,0.0pt)
* hratio: 1:1
* vratio: 1:1
* modes: twoside 
* h-part:(L,W,R)=(72.26999pt, 3107.61002pt, 72.26999pt)
* v-part:(T,H,B)=(72.26999pt, 2601.72002pt, 72.26999pt)
* \paperwidth=3252.15pt
* \paperheight=2746.26pt
* \textwidth=3107.61002pt
* \textheight=2601.72002pt
* \oddsidemargin=0.0pt
* \evensidemargin=0.0pt
* \topmargin=-91.0pt
* \headheight=37.0pt
* \headsep=54.0pt
* \topskip=30.0pt
* \footskip=75.0pt
* \marginparwidth=39.0pt
* \marginparsep=19.26186pt
* \columnsep=86.72377pt
* \skip\footins=20.0pt plus 4.0pt minus 4.0pt
* \hoffset=0.0pt
* \voffset=0.0pt
* \mag=1000
* \@twocolumnfalse
* \@twosidetrue
* \@mparswitchtrue
* \@reversemarginfalse
* (1in=72.27pt=25.4mm, 1cm=28.453pt)

Package biblatex Info: Input encoding 'utf8' detected.
Package biblatex Info: Automatic encoding selection.
(biblatex)             Assuming data encoding 'utf8'.
\openout4 = `skeleton.bcf'.

Package biblatex Info: Trying to load bibliographic data...
Package biblatex Info: ... file 'skeleton.bbl' not found.
No file skeleton.bbl.
Package biblatex Info: Reference section=0 on input line 68.
Package biblatex Info: Reference segment=0 on input line 68.
LaTeX Font Info:    Font shape `T1/ppl/bx/n' in size <72> not available
(Font)              Font shape `T1/ppl/b/n' tried instead on input line 77.
LaTeX Font Info:    Font shape `T1/ppl/bx/n' in size <48> not available
(Font)              Font shape `T1/ppl/b/n' tried instead on input line 86.

LaTeX Warning: Citation 'holdenIdentifyingStructuralComplexity2012' on page 1 u
ndefined on input line 89.

LaTeX Font Info:    Font shape `T1/ppl/bx/n' in size <24.88> not available
(Font)              Font shape `T1/ppl/b/n' tried instead on input line 89.
LaTeX Font Info:    Try loading font information for T1+pcr on input line 98.

(c:/Users/Brent Thorne/AppData/Roaming/TinyTeX/texmf-dist/tex/latex/psnfss/t1pc
r.fd
File: t1pcr.fd 2001/06/04 font definitions for T1/pcr.
)

! LaTeX Error: File `skeleton_files/figure-latex/unnamed-chunk-2-1' not found.

See the LaTeX manual or LaTeX Companion for explanation.
Type  H <return>  for immediate help.
 ...                                              
                                                  
l.104 ...ton_files/figure-latex/unnamed-chunk-2-1}
                                                   
Here is how much of TeX's memory you used:
 12748 strings out of 494585
 212702 string characters out of 6175904
 667406 words of memory out of 5000000
 16267 multiletter control sequences out of 15000+600000
 24069 words of font info for 28 fonts, out of 8000000 for 9000
 14 hyphenation exceptions out of 8191
 39i,2n,44p,1237b,1720s stack positions out of 5000i,500n,10000p,200000b,80000s

!  ==> Fatal error occurred, no output PDF file produced!
